root:WARNING:this is warning
root:ERROR:this is error
root:DEBUG:This is Debug message
root:INFO:This is Info message
root:WARNING:This is Warning message
root:ERROR:This is Error message
root:CRITICAL:This is Critical message
root:WARNING:this is warning
root:WARNING:this is warning
root:ERROR:this is error
root:ERROR:this is error
root:WARNING:this is warning
root:WARNING:this is warning
root:ERROR:this is error
root:ERROR:this is error
root:DEBUG:This is Debug message
root:DEBUG:This is Debug message
root:INFO:This is Info message
root:INFO:This is Info message
root:WARNING:This is Warning message
root:WARNING:This is Warning message
root:ERROR:This is Error message
root:ERROR:This is Error message
root:CRITICAL:This is Critical message
root:CRITICAL:This is Critical message
root:DEBUG:This is Debug message
root:DEBUG:This is Debug message
root:INFO:This is Info message
root:INFO:This is Info message
root:WARNING:This is Warning message
root:WARNING:This is Warning message
root:ERROR:This is Error message
root:ERROR:This is Error message
root:CRITICAL:This is Critical message
root:CRITICAL:This is Critical message
root:WARNING:this is warning
root:ERROR:this is error
parso.cache:DEBUG:pickle loaded: C:\Users\asoraganvi\Anaconda3\lib\site-packages\jedi\third_party\typeshed\stdlib\2and3\builtins.pyi
parso.cache:DEBUG:pickle loaded: C:\Users\asoraganvi\Anaconda3\lib\site-packages\jedi\third_party\typeshed\stdlib\3\sys.pyi
parso.python.diff:DEBUG:diff parser start
parso.python.diff:DEBUG:line_lengths old: 1; new: 1
parso.python.diff:DEBUG:-> code[replace] old[1:1] new[1:1]
parso.python.diff:DEBUG:parse_part from 1 to 1 (to 0 in part parser)
parso.python.diff:DEBUG:diff parser end
parso.python.diff:DEBUG:diff parser start
parso.python.diff:DEBUG:line_lengths old: 1; new: 1
parso.python.diff:DEBUG:-> code[replace] old[1:1] new[1:1]
parso.python.diff:DEBUG:parse_part from 1 to 1 (to 0 in part parser)
parso.python.diff:DEBUG:diff parser end
parso.python.diff:DEBUG:diff parser start
parso.python.diff:DEBUG:line_lengths old: 1; new: 1
parso.python.diff:DEBUG:-> code[replace] old[1:1] new[1:1]
parso.python.diff:DEBUG:parse_part from 1 to 1 (to 0 in part parser)
parso.python.diff:DEBUG:diff parser end
parso.python.diff:DEBUG:diff parser start
parso.python.diff:DEBUG:line_lengths old: 1; new: 1
parso.python.diff:DEBUG:-> code[replace] old[1:1] new[1:1]
parso.python.diff:DEBUG:parse_part from 1 to 1 (to 0 in part parser)
parso.python.diff:DEBUG:diff parser end
parso.cache:DEBUG:pickle loaded: C:\Users\asoraganvi\Anaconda3\lib\logging\__init__.py
parso.cache:DEBUG:pickle loaded: C:\Users\asoraganvi\Anaconda3\lib\importlib\_bootstrap_external.py
parso.cache:DEBUG:pickle loaded: C:\Users\asoraganvi\Anaconda3\lib\importlib\_bootstrap.py
parso.cache:DEBUG:pickle loaded: C:\Users\asoraganvi\Anaconda3\lib\collections\__init__.py
parso.cache:DEBUG:pickle loaded: C:\Users\asoraganvi\Anaconda3\lib\os.py
parso.cache:DEBUG:pickle loaded: C:\Users\asoraganvi\Anaconda3\lib\site-packages\jedi\third_party\typeshed\stdlib\2and3\time.pyi
parso.python.diff:DEBUG:diff parser start
parso.python.diff:DEBUG:line_lengths old: 1; new: 1
parso.python.diff:DEBUG:-> code[replace] old[1:1] new[1:1]
parso.python.diff:DEBUG:parse_part from 1 to 1 (to 0 in part parser)
parso.python.diff:DEBUG:diff parser end
parso.python.diff:DEBUG:diff parser start
parso.python.diff:DEBUG:line_lengths old: 1; new: 1
parso.python.diff:DEBUG:-> code[replace] old[1:1] new[1:1]
parso.python.diff:DEBUG:parse_part from 1 to 1 (to 0 in part parser)
parso.python.diff:DEBUG:diff parser end
parso.python.diff:DEBUG:diff parser start
parso.python.diff:DEBUG:line_lengths old: 1; new: 1
parso.python.diff:DEBUG:-> code[replace] old[1:1] new[1:1]
parso.python.diff:DEBUG:parse_part from 1 to 1 (to 0 in part parser)
parso.python.diff:DEBUG:diff parser end
parso.python.diff:DEBUG:diff parser start
parso.python.diff:DEBUG:line_lengths old: 1; new: 1
parso.python.diff:DEBUG:-> code[replace] old[1:1] new[1:1]
parso.python.diff:DEBUG:parse_part from 1 to 1 (to 0 in part parser)
parso.python.diff:DEBUG:diff parser end
parso.python.diff:DEBUG:diff parser start
parso.python.diff:DEBUG:line_lengths old: 1; new: 1
parso.python.diff:DEBUG:-> code[replace] old[1:1] new[1:1]
parso.python.diff:DEBUG:parse_part from 1 to 1 (to 0 in part parser)
parso.python.diff:DEBUG:diff parser end
parso.python.diff:DEBUG:diff parser start
parso.python.diff:DEBUG:line_lengths old: 1; new: 1
parso.python.diff:DEBUG:-> code[replace] old[1:1] new[1:1]
parso.python.diff:DEBUG:parse_part from 1 to 1 (to 0 in part parser)
parso.python.diff:DEBUG:diff parser end
parso.cache:DEBUG:pickle loaded: C:\Users\asoraganvi\Anaconda3\lib\typing.py
parso.cache:DEBUG:pickle loaded: C:\Users\asoraganvi\Anaconda3\lib\site-packages\jedi\third_party\typeshed\stdlib\3\typing.pyi
parso.python.diff:DEBUG:diff parser start
parso.python.diff:DEBUG:line_lengths old: 1; new: 1
parso.python.diff:DEBUG:-> code[replace] old[1:1] new[1:1]
parso.python.diff:DEBUG:parse_part from 1 to 1 (to 0 in part parser)
parso.python.diff:DEBUG:diff parser end
parso.python.diff:DEBUG:diff parser start
parso.python.diff:DEBUG:line_lengths old: 1; new: 1
parso.python.diff:DEBUG:-> code[replace] old[1:1] new[1:1]
parso.python.diff:DEBUG:parse_part from 1 to 1 (to 0 in part parser)
parso.python.diff:DEBUG:diff parser end
parso.python.diff:DEBUG:diff parser start
parso.python.diff:DEBUG:line_lengths old: 1; new: 1
parso.python.diff:DEBUG:-> code[replace] old[1:1] new[1:1]
parso.python.diff:DEBUG:parse_part from 1 to 1 (to 0 in part parser)
parso.python.diff:DEBUG:diff parser end
parso.python.diff:DEBUG:diff parser start
parso.python.diff:DEBUG:line_lengths old: 1; new: 1
parso.python.diff:DEBUG:-> code[replace] old[1:1] new[1:1]
parso.python.diff:DEBUG:parse_part from 1 to 1 (to 0 in part parser)
parso.python.diff:DEBUG:diff parser end
parso.python.diff:DEBUG:diff parser start
parso.python.diff:DEBUG:line_lengths old: 1; new: 1
parso.python.diff:DEBUG:-> code[replace] old[1:1] new[1:1]
parso.python.diff:DEBUG:parse_part from 1 to 1 (to 0 in part parser)
parso.python.diff:DEBUG:diff parser end
parso.python.diff:DEBUG:diff parser start
parso.python.diff:DEBUG:line_lengths old: 1; new: 1
parso.python.diff:DEBUG:-> code[replace] old[1:1] new[1:1]
parso.python.diff:DEBUG:parse_part from 1 to 1 (to 0 in part parser)
parso.python.diff:DEBUG:diff parser end
parso.python.diff:DEBUG:diff parser start
parso.python.diff:DEBUG:line_lengths old: 1; new: 1
parso.python.diff:DEBUG:-> code[replace] old[1:1] new[1:1]
parso.python.diff:DEBUG:parse_part from 1 to 1 (to 0 in part parser)
parso.python.diff:DEBUG:diff parser end
parso.python.diff:DEBUG:diff parser start
parso.python.diff:DEBUG:line_lengths old: 1; new: 1
parso.python.diff:DEBUG:-> code[replace] old[1:1] new[1:1]
parso.python.diff:DEBUG:parse_part from 1 to 1 (to 0 in part parser)
parso.python.diff:DEBUG:diff parser end
parso.python.diff:DEBUG:diff parser start
parso.python.diff:DEBUG:line_lengths old: 1; new: 2
parso.python.diff:DEBUG:-> code[replace] old[1:1] new[1:2]
parso.python.diff:DEBUG:parse_part from 1 to 2 (to 1 in part parser)
parso.python.diff:DEBUG:diff parser end
parso.python.diff:DEBUG:diff parser start
parso.python.diff:DEBUG:line_lengths old: 2; new: 2
parso.python.diff:DEBUG:-> code[equal] old[1:1] new[1:1]
parso.python.diff:DEBUG:copy old[1:1] new[1:1]
parso.python.diff:DEBUG:-> code[replace] old[2:2] new[2:2]
parso.python.diff:DEBUG:parse_part from 2 to 2 (to 1 in part parser)
parso.python.diff:DEBUG:diff parser end
parso.python.diff:DEBUG:diff parser start
parso.python.diff:DEBUG:line_lengths old: 2; new: 3
parso.python.diff:DEBUG:-> code[equal] old[1:1] new[1:1]
parso.python.diff:DEBUG:copy old[1:1] new[1:1]
parso.python.diff:DEBUG:-> code[replace] old[2:2] new[2:3]
parso.python.diff:DEBUG:parse_part from 2 to 3 (to 2 in part parser)
parso.python.diff:DEBUG:diff parser end
parso.python.diff:DEBUG:diff parser start
parso.python.diff:DEBUG:line_lengths old: 3; new: 3
parso.python.diff:DEBUG:-> code[equal] old[1:2] new[1:2]
parso.python.diff:DEBUG:copy old[1:2] new[1:2]
parso.python.diff:DEBUG:-> code[replace] old[3:3] new[3:3]
parso.python.diff:DEBUG:parse_part from 3 to 3 (to 2 in part parser)
parso.python.diff:DEBUG:diff parser end
parso.python.diff:DEBUG:diff parser start
parso.python.diff:DEBUG:line_lengths old: 3; new: 1
parso.python.diff:DEBUG:-> code[replace] old[1:3] new[1:1]
parso.python.diff:DEBUG:parse_part from 1 to 1 (to 0 in part parser)
parso.python.diff:DEBUG:diff parser end
parso.python.diff:DEBUG:diff parser start
parso.python.diff:DEBUG:line_lengths old: 1; new: 1
parso.python.diff:DEBUG:-> code[replace] old[1:1] new[1:1]
parso.python.diff:DEBUG:parse_part from 1 to 1 (to 0 in part parser)
parso.python.diff:DEBUG:diff parser end
parso.python.diff:DEBUG:diff parser start
parso.python.diff:DEBUG:line_lengths old: 1; new: 1
parso.python.diff:DEBUG:-> code[replace] old[1:1] new[1:1]
parso.python.diff:DEBUG:parse_part from 1 to 1 (to 0 in part parser)
parso.python.diff:DEBUG:diff parser end
parso.python.diff:DEBUG:diff parser start
parso.python.diff:DEBUG:line_lengths old: 1; new: 1
parso.python.diff:DEBUG:-> code[replace] old[1:1] new[1:1]
parso.python.diff:DEBUG:parse_part from 1 to 1 (to 0 in part parser)
parso.python.diff:DEBUG:diff parser end
parso.python.diff:DEBUG:diff parser start
parso.python.diff:DEBUG:line_lengths old: 1; new: 1
parso.python.diff:DEBUG:-> code[replace] old[1:1] new[1:1]
parso.python.diff:DEBUG:parse_part from 1 to 1 (to 0 in part parser)
parso.python.diff:DEBUG:diff parser end
parso.python.diff:DEBUG:diff parser start
parso.python.diff:DEBUG:line_lengths old: 1; new: 1
parso.python.diff:DEBUG:-> code[replace] old[1:1] new[1:1]
parso.python.diff:DEBUG:parse_part from 1 to 1 (to 0 in part parser)
parso.python.diff:DEBUG:diff parser end
parso.python.diff:DEBUG:diff parser start
parso.python.diff:DEBUG:line_lengths old: 1; new: 2
parso.python.diff:DEBUG:-> code[replace] old[1:1] new[1:2]
parso.python.diff:DEBUG:parse_part from 1 to 2 (to 1 in part parser)
parso.python.diff:DEBUG:diff parser end
parso.cache:DEBUG:pickle loaded: C:\Users\asoraganvi\Anaconda3\lib\ntpath.py
parso.python.diff:DEBUG:diff parser start
parso.python.diff:DEBUG:line_lengths old: 2; new: 4
parso.python.diff:DEBUG:-> code[replace] old[1:2] new[1:4]
parso.python.diff:DEBUG:parse_part from 1 to 4 (to 3 in part parser)
parso.python.diff:DEBUG:diff parser end
parso.python.diff:DEBUG:diff parser start
parso.python.diff:DEBUG:line_lengths old: 4; new: 4
parso.python.diff:DEBUG:-> code[equal] old[1:3] new[1:3]
parso.python.diff:DEBUG:parse_part from 1 to 4 (to 3 in part parser)
parso.python.diff:DEBUG:-> code[replace] old[4:4] new[4:4]
parso.python.diff:DEBUG:diff parser end
parso.python.diff:DEBUG:diff parser start
parso.python.diff:DEBUG:line_lengths old: 4; new: 5
parso.python.diff:DEBUG:-> code[equal] old[1:3] new[1:3]
parso.python.diff:DEBUG:parse_part from 1 to 5 (to 4 in part parser)
parso.python.diff:DEBUG:-> code[replace] old[4:4] new[4:5]
parso.python.diff:DEBUG:diff parser end
parso.python.diff:DEBUG:diff parser start
parso.python.diff:DEBUG:line_lengths old: 5; new: 5
parso.python.diff:DEBUG:-> code[equal] old[1:4] new[1:4]
parso.python.diff:DEBUG:parse_part from 1 to 5 (to 4 in part parser)
parso.python.diff:DEBUG:-> code[replace] old[5:5] new[5:5]
parso.python.diff:DEBUG:diff parser end
parso.python.diff:DEBUG:diff parser start
parso.python.diff:DEBUG:line_lengths old: 5; new: 5
parso.python.diff:DEBUG:-> code[equal] old[1:4] new[1:4]
parso.python.diff:DEBUG:parse_part from 1 to 5 (to 4 in part parser)
parso.python.diff:DEBUG:-> code[replace] old[5:5] new[5:5]
parso.python.diff:DEBUG:diff parser end
parso.python.diff:DEBUG:diff parser start
parso.python.diff:DEBUG:line_lengths old: 5; new: 5
parso.python.diff:DEBUG:-> code[equal] old[1:4] new[1:4]
parso.python.diff:DEBUG:parse_part from 1 to 5 (to 4 in part parser)
parso.python.diff:DEBUG:-> code[replace] old[5:5] new[5:5]
parso.python.diff:DEBUG:diff parser end
parso.python.diff:DEBUG:diff parser start
parso.python.diff:DEBUG:line_lengths old: 5; new: 5
parso.python.diff:DEBUG:-> code[equal] old[1:4] new[1:4]
parso.python.diff:DEBUG:parse_part from 1 to 5 (to 4 in part parser)
parso.python.diff:DEBUG:-> code[replace] old[5:5] new[5:5]
parso.python.diff:DEBUG:diff parser end
parso.python.diff:DEBUG:diff parser start
parso.python.diff:DEBUG:line_lengths old: 5; new: 5
parso.python.diff:DEBUG:-> code[equal] old[1:4] new[1:4]
parso.python.diff:DEBUG:parse_part from 1 to 5 (to 4 in part parser)
parso.python.diff:DEBUG:-> code[replace] old[5:5] new[5:5]
parso.python.diff:DEBUG:diff parser end
parso.python.diff:DEBUG:diff parser start
parso.python.diff:DEBUG:line_lengths old: 5; new: 5
parso.python.diff:DEBUG:-> code[equal] old[1:4] new[1:4]
parso.python.diff:DEBUG:parse_part from 1 to 5 (to 4 in part parser)
parso.python.diff:DEBUG:-> code[replace] old[5:5] new[5:5]
parso.python.diff:DEBUG:diff parser end
parso.cache:DEBUG:pickle loaded: C:\Users\asoraganvi\Anaconda3\lib\site-packages\IPython\core\autocall.py
parso.python.diff:DEBUG:diff parser start
parso.python.diff:DEBUG:line_lengths old: 5; new: 5
parso.python.diff:DEBUG:-> code[equal] old[1:4] new[1:4]
parso.python.diff:DEBUG:parse_part from 1 to 5 (to 4 in part parser)
parso.python.diff:DEBUG:-> code[replace] old[5:5] new[5:5]
parso.python.diff:DEBUG:diff parser end
parso.python.diff:DEBUG:diff parser start
parso.python.diff:DEBUG:line_lengths old: 5; new: 5
parso.python.diff:DEBUG:-> code[equal] old[1:4] new[1:4]
parso.python.diff:DEBUG:parse_part from 1 to 5 (to 4 in part parser)
parso.python.diff:DEBUG:-> code[replace] old[5:5] new[5:5]
parso.python.diff:DEBUG:diff parser end
parso.python.diff:DEBUG:diff parser start
parso.python.diff:DEBUG:line_lengths old: 5; new: 5
parso.python.diff:DEBUG:-> code[equal] old[1:4] new[1:4]
parso.python.diff:DEBUG:parse_part from 1 to 5 (to 4 in part parser)
parso.python.diff:DEBUG:-> code[replace] old[5:5] new[5:5]
parso.python.diff:DEBUG:diff parser end
root:ERROR:list index out of range
Traceback (most recent call last):
  File "<ipython-input-30-5f1d60752bce>", line 3, in <module>
    val=a[6]
IndexError: list index out of range
parso.python.diff:DEBUG:diff parser start
parso.python.diff:DEBUG:line_lengths old: 5; new: 1
parso.python.diff:DEBUG:-> code[replace] old[1:5] new[1:1]
parso.python.diff:DEBUG:parse_part from 1 to 1 (to 0 in part parser)
parso.python.diff:DEBUG:diff parser end
root:ERROR:The Error is Traceback (most recent call last):
  File "<ipython-input-31-dd8566b0cd71>", line 4, in <module>
    val=a[6]
IndexError: list index out of range

